<!DOCTYPE html PUBLIC "-//W3C//DTD XHTML 1.1//EN" "https://www.w3.org/TR/xhtml11/DTD/xhtml11.dtd">
<html xmlns="https://www.w3.org/1999/xhtml">
<head>
<meta charset='utf-8'>
<title>TestNG Report</title>
<style type="text/css">
table {margin-bottom:10px;border-collapse:collapse;empty-cells:show}
td,th {border:1px solid #009;padding:.25em .5em}
.result th {vertical-align:bottom}
.param th {padding-left:1em;padding-right:1em}
.param td {padding-left:.5em;padding-right:2em}
.stripe td,.stripe th {background-color: #E6EBF9}
.numi,.numi_attn {text-align:right}
.total td {font-weight:bold}
.passedodd td {background-color: #0A0}
.passedeven td {background-color: #3F3}
.skippedodd td {background-color: #CCC}
.skippedodd td {background-color: #DDD}
.failedodd td,.numi_attn {background-color: #F33}
.failedeven td,.stripe .numi_attn {background-color: #D00}
.stacktrace {white-space:pre;font-family:monospace}
.totop {font-size:85%;text-align:center;border-bottom:2px solid #000}
</style>
</head>
<body>
<table cellspacing="0" cellpadding="0" class="testOverview">
<tr><th>Test</th><th>Methods<br/>Passed</th><th>Scenarios<br/>Passed</th><th># skipped</th><th># failed</th><th>Total<br/>Time</th><th>Included<br/>Groups</th><th>Excluded<br/>Groups</th></tr>
<tr><td style="text-align:left;padding-right:2em"><a href="#t1">Tests</a></td><td class="numi">0</td><td class="numi">0</td><td class="numi">0</td><td class="numi_attn">3</td><td class="numi">5.3 seconds</td><td class="numi"></td><td class="numi"></td></tr>
</table>
<table cellspacing="0" cellpadding="0" class="methodOverview" id="summary">
<tr><th>Class</th><th>Method</th><th># of<br/>Scenarios</th><th>Start</th><th>Time<br/>(ms)</th></tr>
<tr id="t1"><th colspan="5">Tests &#8212; failed</th></tr>
<tr class="failedodd"><td rowspan="3">web_app_tests.KyroTestCaseClass</td><td><a href="#m1"><b>userCreateProjectAndAssignToProjectManager</b>  ("Create a new project and assign it to added member as Project Manager")</a></td><td class="numi">1</td><td>1697207026498</td><td class="numi">5</td></tr><tr class="failedodd"><td><a href="#m2"><b>verifyProjectDetailsAfterNavigation</b>  ("Log in as Project manager and verify project notification")</a></td><td class="numi">1</td><td>1697207028201</td><td class="numi">0</td></tr><tr class="failedodd"><td><a href="#m3"><b>verifyProjectNotificationNavigation</b>  ("Verify project notification navigation and validate the details")</a></td><td class="numi">1</td><td>1697207029793</td><td class="numi">0</td></tr>
</table>
<h1>Tests</h1>
<h2 id="m1">web_app_tests.KyroTestCaseClass:userCreateProjectAndAssignToProjectManager</h2>
<table cellspacing="0" cellpadding="0" class="result">
<tr class="param"><th>Parameter #1</th><th>Parameter #2</th><th>Parameter #3</th></tr>
<tr class="param stripe"><td>harishs98+user@gmail.com</td>
<td>Monkey@1!</td>
<td>Harold Graves</td>
</tr>
<tr><td colspan="3">
<div class="stacktrace">java.lang.NullPointerException: Cannot invoke &quot;org.openqa.selenium.WebDriver.findElement(org.openqa.selenium.By)&quot; because &quot;pages.LoginPage.driver&quot; is null
	at pages.LoginPage.&lt;init&gt;(LoginPage.java:19)
	at web_app_tests.KyroTestCaseClass.userCreateProjectAndAssignToProjectManager(KyroTestCaseClass.java:46)
	at java.base/java.util.ArrayList.forEach(ArrayList.java:1596)
	at com.intellij.rt.testng.IDEARemoteTestNG.run(IDEARemoteTestNG.java:66)
	at com.intellij.rt.testng.RemoteTestNGStarter.main(RemoteTestNGStarter.java:105)
... Removed 22 stack frames</div>
</td></tr>
</table>
<p class="totop"><a href="#summary">back to summary</a></p>
<h2 id="m2">web_app_tests.KyroTestCaseClass:verifyProjectDetailsAfterNavigation</h2>
<table cellspacing="0" cellpadding="0" class="result">
<tr class="param"><th>Parameter #1</th><th>Parameter #2</th><th>Parameter #3</th></tr>
<tr class="param stripe"><td>harishs98+pm@gmail.com</td>
<td>Monkey@1!</td>
<td>Louis Abbott</td>
</tr>
<tr><td colspan="3">
<div class="stacktrace">java.lang.NullPointerException: Cannot invoke &quot;org.openqa.selenium.WebDriver.findElement(org.openqa.selenium.By)&quot; because &quot;pages.LoginPage.driver&quot; is null
	at pages.LoginPage.&lt;init&gt;(LoginPage.java:19)
	at web_app_tests.KyroTestCaseClass.verifyProjectDetailsAfterNavigation(KyroTestCaseClass.java:75)
	at java.base/java.util.ArrayList.forEach(ArrayList.java:1596)
	at com.intellij.rt.testng.IDEARemoteTestNG.run(IDEARemoteTestNG.java:66)
	at com.intellij.rt.testng.RemoteTestNGStarter.main(RemoteTestNGStarter.java:105)
... Removed 22 stack frames</div>
</td></tr>
</table>
<p class="totop"><a href="#summary">back to summary</a></p>
<h2 id="m3">web_app_tests.KyroTestCaseClass:verifyProjectNotificationNavigation</h2>
<table cellspacing="0" cellpadding="0" class="result">
<tr class="param"><th>Parameter #1</th><th>Parameter #2</th><th>Parameter #3</th></tr>
<tr class="param stripe"><td>harishs98+pm@gmail.com</td>
<td>Monkey@1!</td>
<td>Louis Abbott</td>
</tr>
<tr><td colspan="3">
<div class="stacktrace">java.lang.NullPointerException: Cannot invoke &quot;org.openqa.selenium.WebDriver.findElement(org.openqa.selenium.By)&quot; because &quot;pages.LoginPage.driver&quot; is null
	at pages.LoginPage.&lt;init&gt;(LoginPage.java:19)
	at web_app_tests.KyroTestCaseClass.verifyProjectNotificationNavigation(KyroTestCaseClass.java:107)
	at java.base/java.util.ArrayList.forEach(ArrayList.java:1596)
	at com.intellij.rt.testng.IDEARemoteTestNG.run(IDEARemoteTestNG.java:66)
	at com.intellij.rt.testng.RemoteTestNGStarter.main(RemoteTestNGStarter.java:105)
... Removed 22 stack frames</div>
</td></tr>
</table>
<p class="totop"><a href="#summary">back to summary</a></p>
</body></html>
